action: pypy, msg: getenv
cwd: /home/vassy/code/pycorels/corels
cmd: /home/vassy/code/pycorels/corels/.tox/pypy/bin/python -m pip install numpy
DEPRECATION: A future version of pip will drop support for Python 2.7.
Collecting numpy
  Using cached https://files.pythonhosted.org/packages/d3/4b/f9f4b96c0b1ba43d28a5bdc4b64f0b9d3fbcf31313a51bc766942866a7c7/numpy-1.16.4.zip
Building wheels for collected packages: numpy
  Building wheel for numpy (setup.py): started
  Building wheel for numpy (setup.py): finished with status 'error'
  ERROR: Complete output from command /home/vassy/code/pycorels/corels/.tox/pypy/bin/python -u -c 'import setuptools, tokenize;__file__='"'"'/tmp/pip-install-YTQhm3/numpy/setup.py'"'"';f=getattr(tokenize, '"'"'open'"'"', open)(__file__);code=f.read().replace('"'"'\r\n'"'"', '"'"'\n'"'"');f.close();exec(compile(code, __file__, '"'"'exec'"'"'))' bdist_wheel -d /tmp/pip-wheel-JLizS4 --python-tag pp2510:
  ERROR: Running from numpy source directory.
  blas_opt_info:
  blas_mkl_info:
  customize UnixCCompiler
  C compiler: cc -pthread -DNDEBUG -O2 -fPIC
  
  creating /tmp/tmptSRs53/tmp
  creating /tmp/tmptSRs53/tmp/tmptSRs53
  compile options: '-MMD -MF /tmp/tmptSRs53/file.c.d -c'
  cc: /tmp/tmptSRs53/file.c
    libraries mkl_rt not found in ['/usr/local/lib', '/usr/lib', '/usr/lib/x86_64-linux-gnu']
    NOT AVAILABLE
  
  blis_info:
  customize UnixCCompiler
  C compiler: cc -pthread -DNDEBUG -O2 -fPIC
  
  creating /tmp/tmpZ6hnvw/tmp
  creating /tmp/tmpZ6hnvw/tmp/tmpZ6hnvw
  compile options: '-MMD -MF /tmp/tmpZ6hnvw/file.c.d -c'
  cc: /tmp/tmpZ6hnvw/file.c
    libraries blis not found in ['/usr/local/lib', '/usr/lib', '/usr/lib/x86_64-linux-gnu']
    NOT AVAILABLE
  
  openblas_info:
  customize UnixCCompiler
  C compiler: cc -pthread -DNDEBUG -O2 -fPIC
  
  creating /tmp/tmpACdhhw/tmp
  creating /tmp/tmpACdhhw/tmp/tmpACdhhw
  compile options: '-MMD -MF /tmp/tmpACdhhw/file.c.d -c'
  cc: /tmp/tmpACdhhw/file.c
  customize UnixCCompiler
  C compiler: cc -pthread -DNDEBUG -O2 -fPIC
  
  creating /tmp/tmpZMGoV7/tmp
  creating /tmp/tmpZMGoV7/tmp/tmpZMGoV7
  compile options: '-MMD -MF /tmp/tmpZMGoV7/file.c.d -c'
  cc: /tmp/tmpZMGoV7/file.c
    libraries openblas not found in ['/usr/local/lib', '/usr/lib', '/usr/lib/x86_64-linux-gnu']
    NOT AVAILABLE
  
  atlas_3_10_blas_threads_info:
  Setting PTATLAS=ATLAS
  customize UnixCCompiler
  C compiler: cc -pthread -DNDEBUG -O2 -fPIC
  
  creating /tmp/tmpFK_P_Q/tmp
  creating /tmp/tmpFK_P_Q/tmp/tmpFK_P_Q
  compile options: '-MMD -MF /tmp/tmpFK_P_Q/file.c.d -c'
  cc: /tmp/tmpFK_P_Q/file.c
    libraries tatlas not found in ['/usr/local/lib', '/usr/lib', '/usr/lib/x86_64-linux-gnu']
    NOT AVAILABLE
  
  atlas_3_10_blas_info:
  customize UnixCCompiler
  C compiler: cc -pthread -DNDEBUG -O2 -fPIC
  
  creating /tmp/tmplYynd6/tmp
  creating /tmp/tmplYynd6/tmp/tmplYynd6
  compile options: '-MMD -MF /tmp/tmplYynd6/file.c.d -c'
  cc: /tmp/tmplYynd6/file.c
    libraries satlas not found in ['/usr/local/lib', '/usr/lib', '/usr/lib/x86_64-linux-gnu']
    NOT AVAILABLE
  
  atlas_blas_threads_info:
  Setting PTATLAS=ATLAS
  customize UnixCCompiler
  C compiler: cc -pthread -DNDEBUG -O2 -fPIC
  
  creating /tmp/tmpjENmJZ/tmp
  creating /tmp/tmpjENmJZ/tmp/tmpjENmJZ
  compile options: '-MMD -MF /tmp/tmpjENmJZ/file.c.d -c'
  cc: /tmp/tmpjENmJZ/file.c
    libraries ptf77blas,ptcblas,atlas not found in ['/usr/local/lib', '/usr/lib', '/usr/lib/x86_64-linux-gnu']
    NOT AVAILABLE
  
  atlas_blas_info:
  customize UnixCCompiler
  C compiler: cc -pthread -DNDEBUG -O2 -fPIC
  
  creating /tmp/tmpKaqpB5/tmp
  creating /tmp/tmpKaqpB5/tmp/tmpKaqpB5
  compile options: '-MMD -MF /tmp/tmpKaqpB5/file.c.d -c'
  cc: /tmp/tmpKaqpB5/file.c
    libraries f77blas,cblas,atlas not found in ['/usr/local/lib', '/usr/lib', '/usr/lib/x86_64-linux-gnu']
    NOT AVAILABLE
  
  accelerate_info:
    NOT AVAILABLE
  
  /tmp/pip-install-YTQhm3/numpy/numpy/distutils/system_info.py:639: UserWarning:
      Atlas (http://math-atlas.sourceforge.net/) libraries not found.
      Directories to search for the libraries can be specified in the
      numpy/distutils/site.cfg file (section [atlas]) or by setting
      the ATLAS environment variable.
    self.calc_info()
  blas_info:
  customize UnixCCompiler
  C compiler: cc -pthread -DNDEBUG -O2 -fPIC
  
  creating /tmp/tmp4iNI39/tmp
  creating /tmp/tmp4iNI39/tmp/tmp4iNI39
  compile options: '-MMD -MF /tmp/tmp4iNI39/file.c.d -c'
  cc: /tmp/tmp4iNI39/file.c
  customize UnixCCompiler
  C compiler: cc -pthread -DNDEBUG -O2 -fPIC
  
  creating /tmp/tmpNDdXox/tmp
  creating /tmp/tmpNDdXox/tmp/tmpNDdXox
  compile options: '-MMD -MF /tmp/tmpNDdXox/file.c.d -c'
  cc: /tmp/tmpNDdXox/file.c
  C compiler: cc -pthread -DNDEBUG -O2 -fPIC
  
  creating /tmp/tmpCkvHO1/tmp
  creating /tmp/tmpCkvHO1/tmp/tmpCkvHO1
  compile options: '-I/usr/local/include -I/usr/include -I/home/vassy/code/pycorels/corels/.tox/pypy/include -c'
  cc: /tmp/tmpCkvHO1/source.c
  cc -pthread /tmp/tmpCkvHO1/tmp/tmpCkvHO1/source.o -L/usr/lib/x86_64-linux-gnu -lcblas -o /tmp/tmpCkvHO1/a.out
  /usr/bin/ld: cannot find -lcblas
  collect2: error: ld returned 1 exit status
  cc -pthread /tmp/tmpCkvHO1/tmp/tmpCkvHO1/source.o -L/usr/lib/x86_64-linux-gnu -lblas -o /tmp/tmpCkvHO1/a.out
  customize UnixCCompiler
  C compiler: cc -pthread -DNDEBUG -O2 -fPIC
  
  creating /tmp/tmptbIMly/tmp
  creating /tmp/tmptbIMly/tmp/tmptbIMly
  compile options: '-MMD -MF /tmp/tmptbIMly/file.c.d -c'
  cc: /tmp/tmptbIMly/file.c
    FOUND:
      libraries = ['blas', 'blas']
      library_dirs = ['/usr/lib/x86_64-linux-gnu']
      include_dirs = ['/usr/local/include', '/usr/include', '/home/vassy/code/pycorels/corels/.tox/pypy/include']
      language = c
      define_macros = [('HAVE_CBLAS', None)]
  
    FOUND:
      define_macros = [('NO_ATLAS_INFO', 1), ('HAVE_CBLAS', None)]
      libraries = ['blas', 'blas']
      library_dirs = ['/usr/lib/x86_64-linux-gnu']
      include_dirs = ['/usr/local/include', '/usr/include', '/home/vassy/code/pycorels/corels/.tox/pypy/include']
      language = c
  
  non-existing path in 'numpy/distutils': 'site.cfg'
  lapack_opt_info:
  lapack_mkl_info:
  customize UnixCCompiler
  C compiler: cc -pthread -DNDEBUG -O2 -fPIC
  
  creating /tmp/tmp82iA13/tmp
  creating /tmp/tmp82iA13/tmp/tmp82iA13
  compile options: '-MMD -MF /tmp/tmp82iA13/file.c.d -c'
  cc: /tmp/tmp82iA13/file.c
    libraries mkl_rt not found in ['/usr/local/lib', '/usr/lib', '/usr/lib/x86_64-linux-gnu']
    NOT AVAILABLE
  
  openblas_lapack_info:
  customize UnixCCompiler
  C compiler: cc -pthread -DNDEBUG -O2 -fPIC
  
  creating /tmp/tmpaPxd6J/tmp
  creating /tmp/tmpaPxd6J/tmp/tmpaPxd6J
  compile options: '-MMD -MF /tmp/tmpaPxd6J/file.c.d -c'
  cc: /tmp/tmpaPxd6J/file.c
  customize UnixCCompiler
  C compiler: cc -pthread -DNDEBUG -O2 -fPIC
  
  creating /tmp/tmpQD_IQx/tmp
  creating /tmp/tmpQD_IQx/tmp/tmpQD_IQx
  compile options: '-MMD -MF /tmp/tmpQD_IQx/file.c.d -c'
  cc: /tmp/tmpQD_IQx/file.c
    libraries openblas not found in ['/usr/local/lib', '/usr/lib', '/usr/lib/x86_64-linux-gnu']
    NOT AVAILABLE
  
  openblas_clapack_info:
  customize UnixCCompiler
  C compiler: cc -pthread -DNDEBUG -O2 -fPIC
  
  creating /tmp/tmpe6WyKn/tmp
  creating /tmp/tmpe6WyKn/tmp/tmpe6WyKn
  compile options: '-MMD -MF /tmp/tmpe6WyKn/file.c.d -c'
  cc: /tmp/tmpe6WyKn/file.c
  customize UnixCCompiler
  C compiler: cc -pthread -DNDEBUG -O2 -fPIC
  
  creating /tmp/tmpd9U9ys/tmp
  creating /tmp/tmpd9U9ys/tmp/tmpd9U9ys
  compile options: '-MMD -MF /tmp/tmpd9U9ys/file.c.d -c'
  cc: /tmp/tmpd9U9ys/file.c
    libraries openblas,lapack not found in ['/usr/local/lib', '/usr/lib', '/usr/lib/x86_64-linux-gnu']
    NOT AVAILABLE
  
  atlas_3_10_threads_info:
  Setting PTATLAS=ATLAS
  customize UnixCCompiler
  C compiler: cc -pthread -DNDEBUG -O2 -fPIC
  
  creating /tmp/tmplOLma5/tmp
  creating /tmp/tmplOLma5/tmp/tmplOLma5
  compile options: '-MMD -MF /tmp/tmplOLma5/file.c.d -c'
  cc: /tmp/tmplOLma5/file.c
    libraries lapack_atlas not found in /usr/local/lib
  customize UnixCCompiler
  C compiler: cc -pthread -DNDEBUG -O2 -fPIC
  
  creating /tmp/tmpeAnD7A/tmp
  creating /tmp/tmpeAnD7A/tmp/tmpeAnD7A
  compile options: '-MMD -MF /tmp/tmpeAnD7A/file.c.d -c'
  cc: /tmp/tmpeAnD7A/file.c
    libraries tatlas,tatlas not found in /usr/local/lib
  customize UnixCCompiler
  C compiler: cc -pthread -DNDEBUG -O2 -fPIC
  
  creating /tmp/tmpepQEH2/tmp
  creating /tmp/tmpepQEH2/tmp/tmpepQEH2
  compile options: '-MMD -MF /tmp/tmpepQEH2/file.c.d -c'
  cc: /tmp/tmpepQEH2/file.c
    libraries lapack_atlas not found in /usr/lib
  customize UnixCCompiler
  C compiler: cc -pthread -DNDEBUG -O2 -fPIC
  
  creating /tmp/tmprLiUU0/tmp
  creating /tmp/tmprLiUU0/tmp/tmprLiUU0
  compile options: '-MMD -MF /tmp/tmprLiUU0/file.c.d -c'
  cc: /tmp/tmprLiUU0/file.c
    libraries tatlas,tatlas not found in /usr/lib
  customize UnixCCompiler
  C compiler: cc -pthread -DNDEBUG -O2 -fPIC
  
  creating /tmp/tmpoLwsYj/tmp
  creating /tmp/tmpoLwsYj/tmp/tmpoLwsYj
  compile options: '-MMD -MF /tmp/tmpoLwsYj/file.c.d -c'
  cc: /tmp/tmpoLwsYj/file.c
    libraries lapack_atlas not found in /usr/lib/x86_64-linux-gnu
  customize UnixCCompiler
  C compiler: cc -pthread -DNDEBUG -O2 -fPIC
  
  creating /tmp/tmpfJkGJ0/tmp
  creating /tmp/tmpfJkGJ0/tmp/tmpfJkGJ0
  compile options: '-MMD -MF /tmp/tmpfJkGJ0/file.c.d -c'
  cc: /tmp/tmpfJkGJ0/file.c
    libraries tatlas,tatlas not found in /usr/lib/x86_64-linux-gnu
  <class 'numpy.distutils.system_info.atlas_3_10_threads_info'>
    NOT AVAILABLE
  
  atlas_3_10_info:
  customize UnixCCompiler
  C compiler: cc -pthread -DNDEBUG -O2 -fPIC
  
  creating /tmp/tmpoaIZpC/tmp
  creating /tmp/tmpoaIZpC/tmp/tmpoaIZpC
  compile options: '-MMD -MF /tmp/tmpoaIZpC/file.c.d -c'
  cc: /tmp/tmpoaIZpC/file.c
    libraries lapack_atlas not found in /usr/local/lib
  customize UnixCCompiler
  C compiler: cc -pthread -DNDEBUG -O2 -fPIC
  
  creating /tmp/tmpUJHV5Q/tmp
  creating /tmp/tmpUJHV5Q/tmp/tmpUJHV5Q
  compile options: '-MMD -MF /tmp/tmpUJHV5Q/file.c.d -c'
  cc: /tmp/tmpUJHV5Q/file.c
    libraries satlas,satlas not found in /usr/local/lib
  customize UnixCCompiler
  C compiler: cc -pthread -DNDEBUG -O2 -fPIC
  
  creating /tmp/tmp6Qe7IO/tmp
  creating /tmp/tmp6Qe7IO/tmp/tmp6Qe7IO
  compile options: '-MMD -MF /tmp/tmp6Qe7IO/file.c.d -c'
  cc: /tmp/tmp6Qe7IO/file.c
    libraries lapack_atlas not found in /usr/lib
  customize UnixCCompiler
  C compiler: cc -pthread -DNDEBUG -O2 -fPIC
  
  creating /tmp/tmpUhx2cd/tmp
  creating /tmp/tmpUhx2cd/tmp/tmpUhx2cd
  compile options: '-MMD -MF /tmp/tmpUhx2cd/file.c.d -c'
  cc: /tmp/tmpUhx2cd/file.c
    libraries satlas,satlas not found in /usr/lib
  customize UnixCCompiler
  C compiler: cc -pthread -DNDEBUG -O2 -fPIC
  
  creating /tmp/tmpuBZXcG/tmp
  creating /tmp/tmpuBZXcG/tmp/tmpuBZXcG
  compile options: '-MMD -MF /tmp/tmpuBZXcG/file.c.d -c'
  cc: /tmp/tmpuBZXcG/file.c
    libraries lapack_atlas not found in /usr/lib/x86_64-linux-gnu
  customize UnixCCompiler
  C compiler: cc -pthread -DNDEBUG -O2 -fPIC
  
  creating /tmp/tmpHiksM_/tmp
  creating /tmp/tmpHiksM_/tmp/tmpHiksM_
  compile options: '-MMD -MF /tmp/tmpHiksM_/file.c.d -c'
  cc: /tmp/tmpHiksM_/file.c
    libraries satlas,satlas not found in /usr/lib/x86_64-linux-gnu
  <class 'numpy.distutils.system_info.atlas_3_10_info'>
    NOT AVAILABLE
  
  atlas_threads_info:
  Setting PTATLAS=ATLAS
  customize UnixCCompiler
  C compiler: cc -pthread -DNDEBUG -O2 -fPIC
  
  creating /tmp/tmpZzBEHX/tmp
  creating /tmp/tmpZzBEHX/tmp/tmpZzBEHX
  compile options: '-MMD -MF /tmp/tmpZzBEHX/file.c.d -c'
  cc: /tmp/tmpZzBEHX/file.c
    libraries lapack_atlas not found in /usr/local/lib
  customize UnixCCompiler
  C compiler: cc -pthread -DNDEBUG -O2 -fPIC
  
  creating /tmp/tmpC8gsRz/tmp
  creating /tmp/tmpC8gsRz/tmp/tmpC8gsRz
  compile options: '-MMD -MF /tmp/tmpC8gsRz/file.c.d -c'
  cc: /tmp/tmpC8gsRz/file.c
    libraries ptf77blas,ptcblas,atlas not found in /usr/local/lib
  customize UnixCCompiler
  C compiler: cc -pthread -DNDEBUG -O2 -fPIC
  
  creating /tmp/tmpJ4hH30/tmp
  creating /tmp/tmpJ4hH30/tmp/tmpJ4hH30
  compile options: '-MMD -MF /tmp/tmpJ4hH30/file.c.d -c'
  cc: /tmp/tmpJ4hH30/file.c
    libraries lapack_atlas not found in /usr/lib
  customize UnixCCompiler
  C compiler: cc -pthread -DNDEBUG -O2 -fPIC
  
  creating /tmp/tmpQdl6d8/tmp
  creating /tmp/tmpQdl6d8/tmp/tmpQdl6d8
  compile options: '-MMD -MF /tmp/tmpQdl6d8/file.c.d -c'
  cc: /tmp/tmpQdl6d8/file.c
    libraries ptf77blas,ptcblas,atlas not found in /usr/lib
  customize UnixCCompiler
  C compiler: cc -pthread -DNDEBUG -O2 -fPIC
  
  creating /tmp/tmpMi4gZ9/tmp
  creating /tmp/tmpMi4gZ9/tmp/tmpMi4gZ9
  compile options: '-MMD -MF /tmp/tmpMi4gZ9/file.c.d -c'
  cc: /tmp/tmpMi4gZ9/file.c
    libraries lapack_atlas not found in /usr/lib/x86_64-linux-gnu
  customize UnixCCompiler
  C compiler: cc -pthread -DNDEBUG -O2 -fPIC
  
  creating /tmp/tmpJUXj_9/tmp
  creating /tmp/tmpJUXj_9/tmp/tmpJUXj_9
  compile options: '-MMD -MF /tmp/tmpJUXj_9/file.c.d -c'
  cc: /tmp/tmpJUXj_9/file.c
    libraries ptf77blas,ptcblas,atlas not found in /usr/lib/x86_64-linux-gnu
  <class 'numpy.distutils.system_info.atlas_threads_info'>
    NOT AVAILABLE
  
  atlas_info:
  customize UnixCCompiler
  C compiler: cc -pthread -DNDEBUG -O2 -fPIC
  
  creating /tmp/tmpLEfFGP/tmp
  creating /tmp/tmpLEfFGP/tmp/tmpLEfFGP
  compile options: '-MMD -MF /tmp/tmpLEfFGP/file.c.d -c'
  cc: /tmp/tmpLEfFGP/file.c
    libraries lapack_atlas not found in /usr/local/lib
  customize UnixCCompiler
  C compiler: cc -pthread -DNDEBUG -O2 -fPIC
  
  creating /tmp/tmpvpm55D/tmp
  creating /tmp/tmpvpm55D/tmp/tmpvpm55D
  compile options: '-MMD -MF /tmp/tmpvpm55D/file.c.d -c'
  cc: /tmp/tmpvpm55D/file.c
    libraries f77blas,cblas,atlas not found in /usr/local/lib
  customize UnixCCompiler
  C compiler: cc -pthread -DNDEBUG -O2 -fPIC
  
  creating /tmp/tmpKFnRKV/tmp
  creating /tmp/tmpKFnRKV/tmp/tmpKFnRKV
  compile options: '-MMD -MF /tmp/tmpKFnRKV/file.c.d -c'
  cc: /tmp/tmpKFnRKV/file.c
    libraries lapack_atlas not found in /usr/lib
  customize UnixCCompiler
  C compiler: cc -pthread -DNDEBUG -O2 -fPIC
  
  creating /tmp/tmp8Bt9jK/tmp
  creating /tmp/tmp8Bt9jK/tmp/tmp8Bt9jK
  compile options: '-MMD -MF /tmp/tmp8Bt9jK/file.c.d -c'
  cc: /tmp/tmp8Bt9jK/file.c
    libraries f77blas,cblas,atlas not found in /usr/lib
  customize UnixCCompiler
  C compiler: cc -pthread -DNDEBUG -O2 -fPIC
  
  creating /tmp/tmpEedH_j/tmp
  creating /tmp/tmpEedH_j/tmp/tmpEedH_j
  compile options: '-MMD -MF /tmp/tmpEedH_j/file.c.d -c'
  cc: /tmp/tmpEedH_j/file.c
    libraries lapack_atlas not found in /usr/lib/x86_64-linux-gnu
  customize UnixCCompiler
  C compiler: cc -pthread -DNDEBUG -O2 -fPIC
  
  creating /tmp/tmpcAgdEW/tmp
  creating /tmp/tmpcAgdEW/tmp/tmpcAgdEW
  compile options: '-MMD -MF /tmp/tmpcAgdEW/file.c.d -c'
  cc: /tmp/tmpcAgdEW/file.c
    libraries f77blas,cblas,atlas not found in /usr/lib/x86_64-linux-gnu
  <class 'numpy.distutils.system_info.atlas_info'>
    NOT AVAILABLE
  
  lapack_info:
  customize UnixCCompiler
  C compiler: cc -pthread -DNDEBUG -O2 -fPIC
  
  creating /tmp/tmpOc2dzH/tmp
  creating /tmp/tmpOc2dzH/tmp/tmpOc2dzH
  compile options: '-MMD -MF /tmp/tmpOc2dzH/file.c.d -c'
  cc: /tmp/tmpOc2dzH/file.c
  customize UnixCCompiler
  C compiler: cc -pthread -DNDEBUG -O2 -fPIC
  
  creating /tmp/tmpHu8arW/tmp
  creating /tmp/tmpHu8arW/tmp/tmpHu8arW
  compile options: '-MMD -MF /tmp/tmpHu8arW/file.c.d -c'
  cc: /tmp/tmpHu8arW/file.c
    FOUND:
      libraries = ['lapack', 'lapack']
      library_dirs = ['/usr/lib/x86_64-linux-gnu']
      language = f77
  
    FOUND:
      define_macros = [('NO_ATLAS_INFO', 1), ('HAVE_CBLAS', None)]
      libraries = ['lapack', 'lapack', 'blas', 'blas']
      library_dirs = ['/usr/lib/x86_64-linux-gnu']
      language = c
      include_dirs = ['/usr/local/include', '/usr/include', '/home/vassy/code/pycorels/corels/.tox/pypy/include']
  
  /usr/lib/pypy/lib-python/2.7/distutils/dist.py:267: UserWarning: Unknown distribution option: 'define_macros'
    warnings.warn(msg)
  running bdist_wheel
  running build
  running config_cc
  unifing config_cc, config, build_clib, build_ext, build commands --compiler options
  running config_fc
  unifing config_fc, config, build_clib, build_ext, build commands --fcompiler options
  running build_src
  build_src
  building py_modules sources
  creating build
  creating build/src.linux-x86_64-2.7
  creating build/src.linux-x86_64-2.7/numpy
  creating build/src.linux-x86_64-2.7/numpy/distutils
  building library "npymath" sources
  get_default_fcompiler: matching types: '['gnu95', 'intel', 'lahey', 'pg', 'absoft', 'nag', 'vast', 'compaq', 'intele', 'intelem', 'gnu', 'g95', 'pathf95', 'nagfor']'
  customize Gnu95FCompiler
  Found executable /usr/bin/gfortran
  customize Gnu95FCompiler
  customize Gnu95FCompiler using config
  C compiler: cc -pthread -DNDEBUG -O2 -fPIC
  
  compile options: '-Inumpy/core/src/common -Inumpy/core/src -Inumpy/core -Inumpy/core/src/npymath -Inumpy/core/src/multiarray -Inumpy/core/src/umath -Inumpy/core/src/npysort -I/home/vassy/code/pycorels/corels/.tox/pypy/include -c'
  cc: _configtest.c
  cc -pthread _configtest.o -o _configtest
  success!
  removing: _configtest.c _configtest.o _configtest.o.d _configtest
  C compiler: cc -pthread -DNDEBUG -O2 -fPIC
  
  compile options: '-Inumpy/core/src/common -Inumpy/core/src -Inumpy/core -Inumpy/core/src/npymath -Inumpy/core/src/multiarray -Inumpy/core/src/umath -Inumpy/core/src/npysort -I/home/vassy/code/pycorels/corels/.tox/pypy/include -c'
  cc: _configtest.c
  _configtest.c:1:5: warning: conflicting types for built-in function ‘exp’ [-Wbuiltin-declaration-mismatch]
   int exp (void);
       ^~~
  cc -pthread _configtest.o -o _configtest
  _configtest.o: In function `main':
  _configtest.c:(.text.startup+0x5): undefined reference to `exp'
  collect2: error: ld returned 1 exit status
  failure.
  removing: _configtest.c _configtest.o _configtest.o.d
  C compiler: cc -pthread -DNDEBUG -O2 -fPIC
  
  compile options: '-Inumpy/core/src/common -Inumpy/core/src -Inumpy/core -Inumpy/core/src/npymath -Inumpy/core/src/multiarray -Inumpy/core/src/umath -Inumpy/core/src/npysort -I/home/vassy/code/pycorels/corels/.tox/pypy/include -c'
  cc: _configtest.c
  _configtest.c:1:5: warning: conflicting types for built-in function ‘exp’ [-Wbuiltin-declaration-mismatch]
   int exp (void);
       ^~~
  cc -pthread _configtest.o -lm -o _configtest
  success!
  removing: _configtest.c _configtest.o _configtest.o.d _configtest
  creating build/src.linux-x86_64-2.7/numpy/core
  creating build/src.linux-x86_64-2.7/numpy/core/src
  creating build/src.linux-x86_64-2.7/numpy/core/src/npymath
  conv_template:> build/src.linux-x86_64-2.7/numpy/core/src/npymath/npy_math_internal.h
    adding 'build/src.linux-x86_64-2.7/numpy/core/src/npymath' to include_dirs.
  conv_template:> build/src.linux-x86_64-2.7/numpy/core/src/npymath/ieee754.c
  conv_template:> build/src.linux-x86_64-2.7/numpy/core/src/npymath/npy_math_complex.c
  None - nothing done with h_files = ['build/src.linux-x86_64-2.7/numpy/core/src/npymath/npy_math_internal.h']
  building library "npysort" sources
  creating build/src.linux-x86_64-2.7/numpy/core/src/common
  conv_template:> build/src.linux-x86_64-2.7/numpy/core/src/common/npy_sort.h
    adding 'build/src.linux-x86_64-2.7/numpy/core/src/common' to include_dirs.
  creating build/src.linux-x86_64-2.7/numpy/core/src/npysort
  conv_template:> build/src.linux-x86_64-2.7/numpy/core/src/npysort/quicksort.c
  conv_template:> build/src.linux-x86_64-2.7/numpy/core/src/npysort/mergesort.c
  conv_template:> build/src.linux-x86_64-2.7/numpy/core/src/npysort/heapsort.c
  conv_template:> build/src.linux-x86_64-2.7/numpy/core/src/common/npy_partition.h
  conv_template:> build/src.linux-x86_64-2.7/numpy/core/src/npysort/selection.c
  conv_template:> build/src.linux-x86_64-2.7/numpy/core/src/common/npy_binsearch.h
  conv_template:> build/src.linux-x86_64-2.7/numpy/core/src/npysort/binsearch.c
  None - nothing done with h_files = ['build/src.linux-x86_64-2.7/numpy/core/src/common/npy_sort.h', 'build/src.linux-x86_64-2.7/numpy/core/src/common/npy_partition.h', 'build/src.linux-x86_64-2.7/numpy/core/src/common/npy_binsearch.h']
  building extension "numpy.core._dummy" sources
  Generating build/src.linux-x86_64-2.7/numpy/core/include/numpy/config.h
  C compiler: cc -pthread -DNDEBUG -O2 -fPIC
  
  compile options: '-Inumpy/core/src/common -Inumpy/core/src -Inumpy/core -Inumpy/core/src/npymath -Inumpy/core/src/multiarray -Inumpy/core/src/umath -Inumpy/core/src/npysort -I/home/vassy/code/pycorels/corels/.tox/pypy/include -c'
  cc: _configtest.c
  _configtest.c:1:10: fatal error: Python.h: No such file or directory
   #include <Python.h>
            ^~~~~~~~~~
  compilation terminated.
  failure.
  removing: _configtest.c _configtest.o
  Traceback (most recent call last):
    File "<module>", line 1, in <module>
    File "/tmp/pip-install-YTQhm3/numpy/setup.py", line 415, in <module>
      setup_package()
    File "/tmp/pip-install-YTQhm3/numpy/setup.py", line 407, in setup_package
      setup(**metadata)
    File "/tmp/pip-install-YTQhm3/numpy/numpy/distutils/core.py", line 171, in setup
      return old_setup(**new_attr)
    File "/home/vassy/code/pycorels/corels/.tox/pypy/site-packages/setuptools/__init__.py", line 145, in setup
      return distutils.core.setup(**attrs)
    File "/usr/lib/pypy/lib-python/2.7/distutils/core.py", line 151, in setup
      dist.run_commands()
    File "/usr/lib/pypy/lib-python/2.7/distutils/dist.py", line 953, in run_commands
      self.run_command(cmd)
    File "/usr/lib/pypy/lib-python/2.7/distutils/dist.py", line 972, in run_command
      cmd_obj.run()
    File "/home/vassy/code/pycorels/corels/.tox/pypy/site-packages/wheel/bdist_wheel.py", line 192, in run
      self.run_command('build')
    File "/usr/lib/pypy/lib-python/2.7/distutils/cmd.py", line 334, in run_command
      self.distribution.run_command(command)
    File "/usr/lib/pypy/lib-python/2.7/distutils/dist.py", line 972, in run_command
      cmd_obj.run()
    File "/tmp/pip-install-YTQhm3/numpy/numpy/distutils/command/build.py", line 47, in run
      old_build.run(self)
    File "/usr/lib/pypy/lib-python/2.7/distutils/command/build.py", line 127, in run
      self.run_command(cmd_name)
    File "/usr/lib/pypy/lib-python/2.7/distutils/cmd.py", line 334, in run_command
      self.distribution.run_command(command)
    File "/usr/lib/pypy/lib-python/2.7/distutils/dist.py", line 972, in run_command
      cmd_obj.run()
    File "/tmp/pip-install-YTQhm3/numpy/numpy/distutils/command/build_src.py", line 148, in run
      self.build_sources()
    File "/tmp/pip-install-YTQhm3/numpy/numpy/distutils/command/build_src.py", line 165, in build_sources
      self.build_extension_sources(ext)
    File "/tmp/pip-install-YTQhm3/numpy/numpy/distutils/command/build_src.py", line 322, in build_extension_sources
      sources = self.generate_sources(sources, ext)
    File "/tmp/pip-install-YTQhm3/numpy/numpy/distutils/command/build_src.py", line 375, in generate_sources
      source = func(extension, build_dir)
    File "numpy/core/setup.py", line 423, in generate_config_h
      moredefs, ignored = cocache.check_types(config_cmd, ext, build_dir)
    File "numpy/core/setup.py", line 47, in check_types
      out = check_types(*a, **kw)
    File "numpy/core/setup.py", line 281, in check_types
      "install {0}-dev|{0}-devel.".format(python))
  SystemError: Cannot compile 'Python.h'. Perhaps you need to install pypy-dev|pypy-devel.
  ----------------------------------------
  ERROR: Failed building wheel for numpy
  Running setup.py clean for numpy
  ERROR: Complete output from command /home/vassy/code/pycorels/corels/.tox/pypy/bin/python -u -c 'import setuptools, tokenize;__file__='"'"'/tmp/pip-install-YTQhm3/numpy/setup.py'"'"';f=getattr(tokenize, '"'"'open'"'"', open)(__file__);code=f.read().replace('"'"'\r\n'"'"', '"'"'\n'"'"');f.close();exec(compile(code, __file__, '"'"'exec'"'"'))' clean --all:
  ERROR: Running from numpy source directory.
  
  `setup.py clean` is not supported, use one of the following instead:
  
    - `git clean -xdf` (cleans all files)
    - `git clean -Xdf` (cleans all versioned files, doesn't touch
                        files that aren't checked into the git repo)
  
  Add `--force` to your command to use it anyway if you must (unsupported).
  
  ----------------------------------------
  ERROR: Failed cleaning build dir for numpy
Failed to build numpy
Installing collected packages: numpy
  Running setup.py install for numpy: started
    Running setup.py install for numpy: finished with status 'error'
    ERROR: Complete output from command /home/vassy/code/pycorels/corels/.tox/pypy/bin/python -u -c 'import setuptools, tokenize;__file__='"'"'/tmp/pip-install-YTQhm3/numpy/setup.py'"'"';f=getattr(tokenize, '"'"'open'"'"', open)(__file__);code=f.read().replace('"'"'\r\n'"'"', '"'"'\n'"'"');f.close();exec(compile(code, __file__, '"'"'exec'"'"'))' install --record /tmp/pip-record-amoPBV/install-record.txt --single-version-externally-managed --compile --install-headers /home/vassy/code/pycorels/corels/.tox/pypy/include/site/python2.7/numpy:
    ERROR: Running from numpy source directory.
    
    Note: if you need reliable uninstall behavior, then install
    with pip instead of using `setup.py install`:
    
      - `pip install .`       (from a git repo or downloaded source
                               release)
      - `pip install numpy`   (last NumPy release on PyPi)
    
    
    blas_opt_info:
    blas_mkl_info:
    customize UnixCCompiler
    C compiler: cc -pthread -DNDEBUG -O2 -fPIC
    
    creating /tmp/tmpzzHPfe/tmp
    creating /tmp/tmpzzHPfe/tmp/tmpzzHPfe
    compile options: '-MMD -MF /tmp/tmpzzHPfe/file.c.d -c'
    cc: /tmp/tmpzzHPfe/file.c
      libraries mkl_rt not found in ['/usr/local/lib', '/usr/lib', '/usr/lib/x86_64-linux-gnu']
      NOT AVAILABLE
    
    blis_info:
    customize UnixCCompiler
    C compiler: cc -pthread -DNDEBUG -O2 -fPIC
    
    creating /tmp/tmpUzjMuS/tmp
    creating /tmp/tmpUzjMuS/tmp/tmpUzjMuS
    compile options: '-MMD -MF /tmp/tmpUzjMuS/file.c.d -c'
    cc: /tmp/tmpUzjMuS/file.c
      libraries blis not found in ['/usr/local/lib', '/usr/lib', '/usr/lib/x86_64-linux-gnu']
      NOT AVAILABLE
    
    openblas_info:
    customize UnixCCompiler
    C compiler: cc -pthread -DNDEBUG -O2 -fPIC
    
    creating /tmp/tmp6Zk_5S/tmp
    creating /tmp/tmp6Zk_5S/tmp/tmp6Zk_5S
    compile options: '-MMD -MF /tmp/tmp6Zk_5S/file.c.d -c'
    cc: /tmp/tmp6Zk_5S/file.c
    customize UnixCCompiler
    C compiler: cc -pthread -DNDEBUG -O2 -fPIC
    
    creating /tmp/tmpduT3N8/tmp
    creating /tmp/tmpduT3N8/tmp/tmpduT3N8
    compile options: '-MMD -MF /tmp/tmpduT3N8/file.c.d -c'
    cc: /tmp/tmpduT3N8/file.c
      libraries openblas not found in ['/usr/local/lib', '/usr/lib', '/usr/lib/x86_64-linux-gnu']
      NOT AVAILABLE
    
    atlas_3_10_blas_threads_info:
    Setting PTATLAS=ATLAS
    customize UnixCCompiler
    C compiler: cc -pthread -DNDEBUG -O2 -fPIC
    
    creating /tmp/tmpO819HV/tmp
    creating /tmp/tmpO819HV/tmp/tmpO819HV
    compile options: '-MMD -MF /tmp/tmpO819HV/file.c.d -c'
    cc: /tmp/tmpO819HV/file.c
      libraries tatlas not found in ['/usr/local/lib', '/usr/lib', '/usr/lib/x86_64-linux-gnu']
      NOT AVAILABLE
    
    atlas_3_10_blas_info:
    customize UnixCCompiler
    C compiler: cc -pthread -DNDEBUG -O2 -fPIC
    
    creating /tmp/tmp4JJ_k8/tmp
    creating /tmp/tmp4JJ_k8/tmp/tmp4JJ_k8
    compile options: '-MMD -MF /tmp/tmp4JJ_k8/file.c.d -c'
    cc: /tmp/tmp4JJ_k8/file.c
      libraries satlas not found in ['/usr/local/lib', '/usr/lib', '/usr/lib/x86_64-linux-gnu']
      NOT AVAILABLE
    
    atlas_blas_threads_info:
    Setting PTATLAS=ATLAS
    customize UnixCCompiler
    C compiler: cc -pthread -DNDEBUG -O2 -fPIC
    
    creating /tmp/tmpeVhFji/tmp
    creating /tmp/tmpeVhFji/tmp/tmpeVhFji
    compile options: '-MMD -MF /tmp/tmpeVhFji/file.c.d -c'
    cc: /tmp/tmpeVhFji/file.c
      libraries ptf77blas,ptcblas,atlas not found in ['/usr/local/lib', '/usr/lib', '/usr/lib/x86_64-linux-gnu']
      NOT AVAILABLE
    
    atlas_blas_info:
    customize UnixCCompiler
    C compiler: cc -pthread -DNDEBUG -O2 -fPIC
    
    creating /tmp/tmpEH2dq7/tmp
    creating /tmp/tmpEH2dq7/tmp/tmpEH2dq7
    compile options: '-MMD -MF /tmp/tmpEH2dq7/file.c.d -c'
    cc: /tmp/tmpEH2dq7/file.c
      libraries f77blas,cblas,atlas not found in ['/usr/local/lib', '/usr/lib', '/usr/lib/x86_64-linux-gnu']
      NOT AVAILABLE
    
    accelerate_info:
      NOT AVAILABLE
    
    /tmp/pip-install-YTQhm3/numpy/numpy/distutils/system_info.py:639: UserWarning:
        Atlas (http://math-atlas.sourceforge.net/) libraries not found.
        Directories to search for the libraries can be specified in the
        numpy/distutils/site.cfg file (section [atlas]) or by setting
        the ATLAS environment variable.
      self.calc_info()
    blas_info:
    customize UnixCCompiler
    C compiler: cc -pthread -DNDEBUG -O2 -fPIC
    
    creating /tmp/tmpRDtWgG/tmp
    creating /tmp/tmpRDtWgG/tmp/tmpRDtWgG
    compile options: '-MMD -MF /tmp/tmpRDtWgG/file.c.d -c'
    cc: /tmp/tmpRDtWgG/file.c
    customize UnixCCompiler
    C compiler: cc -pthread -DNDEBUG -O2 -fPIC
    
    creating /tmp/tmpmxXs_P/tmp
    creating /tmp/tmpmxXs_P/tmp/tmpmxXs_P
    compile options: '-MMD -MF /tmp/tmpmxXs_P/file.c.d -c'
    cc: /tmp/tmpmxXs_P/file.c
    C compiler: cc -pthread -DNDEBUG -O2 -fPIC
    
    creating /tmp/tmpbNnmLv/tmp
    creating /tmp/tmpbNnmLv/tmp/tmpbNnmLv
    compile options: '-I/usr/local/include -I/usr/include -I/home/vassy/code/pycorels/corels/.tox/pypy/include -c'
    cc: /tmp/tmpbNnmLv/source.c
    cc -pthread /tmp/tmpbNnmLv/tmp/tmpbNnmLv/source.o -L/usr/lib/x86_64-linux-gnu -lcblas -o /tmp/tmpbNnmLv/a.out
    /usr/bin/ld: cannot find -lcblas
    collect2: error: ld returned 1 exit status
    cc -pthread /tmp/tmpbNnmLv/tmp/tmpbNnmLv/source.o -L/usr/lib/x86_64-linux-gnu -lblas -o /tmp/tmpbNnmLv/a.out
    customize UnixCCompiler
    C compiler: cc -pthread -DNDEBUG -O2 -fPIC
    
    creating /tmp/tmpynyEPH/tmp
    creating /tmp/tmpynyEPH/tmp/tmpynyEPH
    compile options: '-MMD -MF /tmp/tmpynyEPH/file.c.d -c'
    cc: /tmp/tmpynyEPH/file.c
      FOUND:
        libraries = ['blas', 'blas']
        library_dirs = ['/usr/lib/x86_64-linux-gnu']
        include_dirs = ['/usr/local/include', '/usr/include', '/home/vassy/code/pycorels/corels/.tox/pypy/include']
        language = c
        define_macros = [('HAVE_CBLAS', None)]
    
      FOUND:
        define_macros = [('NO_ATLAS_INFO', 1), ('HAVE_CBLAS', None)]
        libraries = ['blas', 'blas']
        library_dirs = ['/usr/lib/x86_64-linux-gnu']
        include_dirs = ['/usr/local/include', '/usr/include', '/home/vassy/code/pycorels/corels/.tox/pypy/include']
        language = c
    
    non-existing path in 'numpy/distutils': 'site.cfg'
    lapack_opt_info:
    lapack_mkl_info:
    customize UnixCCompiler
    C compiler: cc -pthread -DNDEBUG -O2 -fPIC
    
    creating /tmp/tmpjRJuuh/tmp
    creating /tmp/tmpjRJuuh/tmp/tmpjRJuuh
    compile options: '-MMD -MF /tmp/tmpjRJuuh/file.c.d -c'
    cc: /tmp/tmpjRJuuh/file.c
      libraries mkl_rt not found in ['/usr/local/lib', '/usr/lib', '/usr/lib/x86_64-linux-gnu']
      NOT AVAILABLE
    
    openblas_lapack_info:
    customize UnixCCompiler
    C compiler: cc -pthread -DNDEBUG -O2 -fPIC
    
    creating /tmp/tmp5NKgEs/tmp
    creating /tmp/tmp5NKgEs/tmp/tmp5NKgEs
    compile options: '-MMD -MF /tmp/tmp5NKgEs/file.c.d -c'
    cc: /tmp/tmp5NKgEs/file.c
    customize UnixCCompiler
    C compiler: cc -pthread -DNDEBUG -O2 -fPIC
    
    creating /tmp/tmpoXwpwx/tmp
    creating /tmp/tmpoXwpwx/tmp/tmpoXwpwx
    compile options: '-MMD -MF /tmp/tmpoXwpwx/file.c.d -c'
    cc: /tmp/tmpoXwpwx/file.c
      libraries openblas not found in ['/usr/local/lib', '/usr/lib', '/usr/lib/x86_64-linux-gnu']
      NOT AVAILABLE
    
    openblas_clapack_info:
    customize UnixCCompiler
    C compiler: cc -pthread -DNDEBUG -O2 -fPIC
    
    creating /tmp/tmptu2utE/tmp
    creating /tmp/tmptu2utE/tmp/tmptu2utE
    compile options: '-MMD -MF /tmp/tmptu2utE/file.c.d -c'
    cc: /tmp/tmptu2utE/file.c
    customize UnixCCompiler
    C compiler: cc -pthread -DNDEBUG -O2 -fPIC
    
    creating /tmp/tmpsT29OB/tmp
    creating /tmp/tmpsT29OB/tmp/tmpsT29OB
    compile options: '-MMD -MF /tmp/tmpsT29OB/file.c.d -c'
    cc: /tmp/tmpsT29OB/file.c
      libraries openblas,lapack not found in ['/usr/local/lib', '/usr/lib', '/usr/lib/x86_64-linux-gnu']
      NOT AVAILABLE
    
    atlas_3_10_threads_info:
    Setting PTATLAS=ATLAS
    customize UnixCCompiler
    C compiler: cc -pthread -DNDEBUG -O2 -fPIC
    
    creating /tmp/tmp6SfQAM/tmp
    creating /tmp/tmp6SfQAM/tmp/tmp6SfQAM
    compile options: '-MMD -MF /tmp/tmp6SfQAM/file.c.d -c'
    cc: /tmp/tmp6SfQAM/file.c
      libraries lapack_atlas not found in /usr/local/lib
    customize UnixCCompiler
    C compiler: cc -pthread -DNDEBUG -O2 -fPIC
    
    creating /tmp/tmppa9a9n/tmp
    creating /tmp/tmppa9a9n/tmp/tmppa9a9n
    compile options: '-MMD -MF /tmp/tmppa9a9n/file.c.d -c'
    cc: /tmp/tmppa9a9n/file.c
      libraries tatlas,tatlas not found in /usr/local/lib
    customize UnixCCompiler
    C compiler: cc -pthread -DNDEBUG -O2 -fPIC
    
    creating /tmp/tmpsEpBfx/tmp
    creating /tmp/tmpsEpBfx/tmp/tmpsEpBfx
    compile options: '-MMD -MF /tmp/tmpsEpBfx/file.c.d -c'
    cc: /tmp/tmpsEpBfx/file.c
      libraries lapack_atlas not found in /usr/lib
    customize UnixCCompiler
    C compiler: cc -pthread -DNDEBUG -O2 -fPIC
    
    creating /tmp/tmp8ugmzN/tmp
    creating /tmp/tmp8ugmzN/tmp/tmp8ugmzN
    compile options: '-MMD -MF /tmp/tmp8ugmzN/file.c.d -c'
    cc: /tmp/tmp8ugmzN/file.c
      libraries tatlas,tatlas not found in /usr/lib
    customize UnixCCompiler
    C compiler: cc -pthread -DNDEBUG -O2 -fPIC
    
    creating /tmp/tmphNFqzL/tmp
    creating /tmp/tmphNFqzL/tmp/tmphNFqzL
    compile options: '-MMD -MF /tmp/tmphNFqzL/file.c.d -c'
    cc: /tmp/tmphNFqzL/file.c
      libraries lapack_atlas not found in /usr/lib/x86_64-linux-gnu
    customize UnixCCompiler
    C compiler: cc -pthread -DNDEBUG -O2 -fPIC
    
    creating /tmp/tmpoDPbjL/tmp
    creating /tmp/tmpoDPbjL/tmp/tmpoDPbjL
    compile options: '-MMD -MF /tmp/tmpoDPbjL/file.c.d -c'
    cc: /tmp/tmpoDPbjL/file.c
      libraries tatlas,tatlas not found in /usr/lib/x86_64-linux-gnu
    <class 'numpy.distutils.system_info.atlas_3_10_threads_info'>
      NOT AVAILABLE
    
    atlas_3_10_info:
    customize UnixCCompiler
    C compiler: cc -pthread -DNDEBUG -O2 -fPIC
    
    creating /tmp/tmp13Ia3D/tmp
    creating /tmp/tmp13Ia3D/tmp/tmp13Ia3D
    compile options: '-MMD -MF /tmp/tmp13Ia3D/file.c.d -c'
    cc: /tmp/tmp13Ia3D/file.c
      libraries lapack_atlas not found in /usr/local/lib
    customize UnixCCompiler
    C compiler: cc -pthread -DNDEBUG -O2 -fPIC
    
    creating /tmp/tmptCB2Tc/tmp
    creating /tmp/tmptCB2Tc/tmp/tmptCB2Tc
    compile options: '-MMD -MF /tmp/tmptCB2Tc/file.c.d -c'
    cc: /tmp/tmptCB2Tc/file.c
      libraries satlas,satlas not found in /usr/local/lib
    customize UnixCCompiler
    C compiler: cc -pthread -DNDEBUG -O2 -fPIC
    
    creating /tmp/tmpUNqMbL/tmp
    creating /tmp/tmpUNqMbL/tmp/tmpUNqMbL
    compile options: '-MMD -MF /tmp/tmpUNqMbL/file.c.d -c'
    cc: /tmp/tmpUNqMbL/file.c
      libraries lapack_atlas not found in /usr/lib
    customize UnixCCompiler
    C compiler: cc -pthread -DNDEBUG -O2 -fPIC
    
    creating /tmp/tmpHZhtAW/tmp
    creating /tmp/tmpHZhtAW/tmp/tmpHZhtAW
    compile options: '-MMD -MF /tmp/tmpHZhtAW/file.c.d -c'
    cc: /tmp/tmpHZhtAW/file.c
      libraries satlas,satlas not found in /usr/lib
    customize UnixCCompiler
    C compiler: cc -pthread -DNDEBUG -O2 -fPIC
    
    creating /tmp/tmp9Sxrg9/tmp
    creating /tmp/tmp9Sxrg9/tmp/tmp9Sxrg9
    compile options: '-MMD -MF /tmp/tmp9Sxrg9/file.c.d -c'
    cc: /tmp/tmp9Sxrg9/file.c
      libraries lapack_atlas not found in /usr/lib/x86_64-linux-gnu
    customize UnixCCompiler
    C compiler: cc -pthread -DNDEBUG -O2 -fPIC
    
    creating /tmp/tmpLaZNzZ/tmp
    creating /tmp/tmpLaZNzZ/tmp/tmpLaZNzZ
    compile options: '-MMD -MF /tmp/tmpLaZNzZ/file.c.d -c'
    cc: /tmp/tmpLaZNzZ/file.c
      libraries satlas,satlas not found in /usr/lib/x86_64-linux-gnu
    <class 'numpy.distutils.system_info.atlas_3_10_info'>
      NOT AVAILABLE
    
    atlas_threads_info:
    Setting PTATLAS=ATLAS
    customize UnixCCompiler
    C compiler: cc -pthread -DNDEBUG -O2 -fPIC
    
    creating /tmp/tmp8ou7JP/tmp
    creating /tmp/tmp8ou7JP/tmp/tmp8ou7JP
    compile options: '-MMD -MF /tmp/tmp8ou7JP/file.c.d -c'
    cc: /tmp/tmp8ou7JP/file.c
      libraries lapack_atlas not found in /usr/local/lib
    customize UnixCCompiler
    C compiler: cc -pthread -DNDEBUG -O2 -fPIC
    
    creating /tmp/tmpUiJf4I/tmp
    creating /tmp/tmpUiJf4I/tmp/tmpUiJf4I
    compile options: '-MMD -MF /tmp/tmpUiJf4I/file.c.d -c'
    cc: /tmp/tmpUiJf4I/file.c
      libraries ptf77blas,ptcblas,atlas not found in /usr/local/lib
    customize UnixCCompiler
    C compiler: cc -pthread -DNDEBUG -O2 -fPIC
    
    creating /tmp/tmpI2OPU_/tmp
    creating /tmp/tmpI2OPU_/tmp/tmpI2OPU_
    compile options: '-MMD -MF /tmp/tmpI2OPU_/file.c.d -c'
    cc: /tmp/tmpI2OPU_/file.c
      libraries lapack_atlas not found in /usr/lib
    customize UnixCCompiler
    C compiler: cc -pthread -DNDEBUG -O2 -fPIC
    
    creating /tmp/tmpyNbBme/tmp
    creating /tmp/tmpyNbBme/tmp/tmpyNbBme
    compile options: '-MMD -MF /tmp/tmpyNbBme/file.c.d -c'
    cc: /tmp/tmpyNbBme/file.c
      libraries ptf77blas,ptcblas,atlas not found in /usr/lib
    customize UnixCCompiler
    C compiler: cc -pthread -DNDEBUG -O2 -fPIC
    
    creating /tmp/tmp9dJpBt/tmp
    creating /tmp/tmp9dJpBt/tmp/tmp9dJpBt
    compile options: '-MMD -MF /tmp/tmp9dJpBt/file.c.d -c'
    cc: /tmp/tmp9dJpBt/file.c
      libraries lapack_atlas not found in /usr/lib/x86_64-linux-gnu
    customize UnixCCompiler
    C compiler: cc -pthread -DNDEBUG -O2 -fPIC
    
    creating /tmp/tmpl7O11O/tmp
    creating /tmp/tmpl7O11O/tmp/tmpl7O11O
    compile options: '-MMD -MF /tmp/tmpl7O11O/file.c.d -c'
    cc: /tmp/tmpl7O11O/file.c
      libraries ptf77blas,ptcblas,atlas not found in /usr/lib/x86_64-linux-gnu
    <class 'numpy.distutils.system_info.atlas_threads_info'>
      NOT AVAILABLE
    
    atlas_info:
    customize UnixCCompiler
    C compiler: cc -pthread -DNDEBUG -O2 -fPIC
    
    creating /tmp/tmprWjfq0/tmp
    creating /tmp/tmprWjfq0/tmp/tmprWjfq0
    compile options: '-MMD -MF /tmp/tmprWjfq0/file.c.d -c'
    cc: /tmp/tmprWjfq0/file.c
      libraries lapack_atlas not found in /usr/local/lib
    customize UnixCCompiler
    C compiler: cc -pthread -DNDEBUG -O2 -fPIC
    
    creating /tmp/tmpzymbtx/tmp
    creating /tmp/tmpzymbtx/tmp/tmpzymbtx
    compile options: '-MMD -MF /tmp/tmpzymbtx/file.c.d -c'
    cc: /tmp/tmpzymbtx/file.c
      libraries f77blas,cblas,atlas not found in /usr/local/lib
    customize UnixCCompiler
    C compiler: cc -pthread -DNDEBUG -O2 -fPIC
    
    creating /tmp/tmpWUuQ8J/tmp
    creating /tmp/tmpWUuQ8J/tmp/tmpWUuQ8J
    compile options: '-MMD -MF /tmp/tmpWUuQ8J/file.c.d -c'
    cc: /tmp/tmpWUuQ8J/file.c
      libraries lapack_atlas not found in /usr/lib
    customize UnixCCompiler
    C compiler: cc -pthread -DNDEBUG -O2 -fPIC
    
    creating /tmp/tmpfpem1t/tmp
    creating /tmp/tmpfpem1t/tmp/tmpfpem1t
    compile options: '-MMD -MF /tmp/tmpfpem1t/file.c.d -c'
    cc: /tmp/tmpfpem1t/file.c
      libraries f77blas,cblas,atlas not found in /usr/lib
    customize UnixCCompiler
    C compiler: cc -pthread -DNDEBUG -O2 -fPIC
    
    creating /tmp/tmpR6BTEl/tmp
    creating /tmp/tmpR6BTEl/tmp/tmpR6BTEl
    compile options: '-MMD -MF /tmp/tmpR6BTEl/file.c.d -c'
    cc: /tmp/tmpR6BTEl/file.c
      libraries lapack_atlas not found in /usr/lib/x86_64-linux-gnu
    customize UnixCCompiler
    C compiler: cc -pthread -DNDEBUG -O2 -fPIC
    
    creating /tmp/tmpMyoNqS/tmp
    creating /tmp/tmpMyoNqS/tmp/tmpMyoNqS
    compile options: '-MMD -MF /tmp/tmpMyoNqS/file.c.d -c'
    cc: /tmp/tmpMyoNqS/file.c
      libraries f77blas,cblas,atlas not found in /usr/lib/x86_64-linux-gnu
    <class 'numpy.distutils.system_info.atlas_info'>
      NOT AVAILABLE
    
    lapack_info:
    customize UnixCCompiler
    C compiler: cc -pthread -DNDEBUG -O2 -fPIC
    
    creating /tmp/tmp9bi8Gn/tmp
    creating /tmp/tmp9bi8Gn/tmp/tmp9bi8Gn
    compile options: '-MMD -MF /tmp/tmp9bi8Gn/file.c.d -c'
    cc: /tmp/tmp9bi8Gn/file.c
    customize UnixCCompiler
    C compiler: cc -pthread -DNDEBUG -O2 -fPIC
    
    creating /tmp/tmprOdAm3/tmp
    creating /tmp/tmprOdAm3/tmp/tmprOdAm3
    compile options: '-MMD -MF /tmp/tmprOdAm3/file.c.d -c'
    cc: /tmp/tmprOdAm3/file.c
      FOUND:
        libraries = ['lapack', 'lapack']
        library_dirs = ['/usr/lib/x86_64-linux-gnu']
        language = f77
    
      FOUND:
        define_macros = [('NO_ATLAS_INFO', 1), ('HAVE_CBLAS', None)]
        libraries = ['lapack', 'lapack', 'blas', 'blas']
        library_dirs = ['/usr/lib/x86_64-linux-gnu']
        language = c
        include_dirs = ['/usr/local/include', '/usr/include', '/home/vassy/code/pycorels/corels/.tox/pypy/include']
    
    /usr/lib/pypy/lib-python/2.7/distutils/dist.py:267: UserWarning: Unknown distribution option: 'define_macros'
      warnings.warn(msg)
    running install
    running build
    running config_cc
    unifing config_cc, config, build_clib, build_ext, build commands --compiler options
    running config_fc
    unifing config_fc, config, build_clib, build_ext, build commands --fcompiler options
    running build_src
    build_src
    building py_modules sources
    building library "npymath" sources
    get_default_fcompiler: matching types: '['gnu95', 'intel', 'lahey', 'pg', 'absoft', 'nag', 'vast', 'compaq', 'intele', 'intelem', 'gnu', 'g95', 'pathf95', 'nagfor']'
    customize Gnu95FCompiler
    Found executable /usr/bin/gfortran
    customize Gnu95FCompiler
    customize Gnu95FCompiler using config
    C compiler: cc -pthread -DNDEBUG -O2 -fPIC
    
    compile options: '-Inumpy/core/src/common -Inumpy/core/src -Inumpy/core -Inumpy/core/src/npymath -Inumpy/core/src/multiarray -Inumpy/core/src/umath -Inumpy/core/src/npysort -I/home/vassy/code/pycorels/corels/.tox/pypy/include -c'
    cc: _configtest.c
    cc -pthread _configtest.o -o _configtest
    success!
    removing: _configtest.c _configtest.o _configtest.o.d _configtest
    C compiler: cc -pthread -DNDEBUG -O2 -fPIC
    
    compile options: '-Inumpy/core/src/common -Inumpy/core/src -Inumpy/core -Inumpy/core/src/npymath -Inumpy/core/src/multiarray -Inumpy/core/src/umath -Inumpy/core/src/npysort -I/home/vassy/code/pycorels/corels/.tox/pypy/include -c'
    cc: _configtest.c
    _configtest.c:1:5: warning: conflicting types for built-in function ‘exp’ [-Wbuiltin-declaration-mismatch]
     int exp (void);
         ^~~
    cc -pthread _configtest.o -o _configtest
    _configtest.o: In function `main':
    _configtest.c:(.text.startup+0x5): undefined reference to `exp'
    collect2: error: ld returned 1 exit status
    failure.
    removing: _configtest.c _configtest.o _configtest.o.d
    C compiler: cc -pthread -DNDEBUG -O2 -fPIC
    
    compile options: '-Inumpy/core/src/common -Inumpy/core/src -Inumpy/core -Inumpy/core/src/npymath -Inumpy/core/src/multiarray -Inumpy/core/src/umath -Inumpy/core/src/npysort -I/home/vassy/code/pycorels/corels/.tox/pypy/include -c'
    cc: _configtest.c
    _configtest.c:1:5: warning: conflicting types for built-in function ‘exp’ [-Wbuiltin-declaration-mismatch]
     int exp (void);
         ^~~
    cc -pthread _configtest.o -lm -o _configtest
    success!
    removing: _configtest.c _configtest.o _configtest.o.d _configtest
      adding 'build/src.linux-x86_64-2.7/numpy/core/src/npymath' to include_dirs.
    None - nothing done with h_files = ['build/src.linux-x86_64-2.7/numpy/core/src/npymath/npy_math_internal.h']
    building library "npysort" sources
      adding 'build/src.linux-x86_64-2.7/numpy/core/src/common' to include_dirs.
    None - nothing done with h_files = ['build/src.linux-x86_64-2.7/numpy/core/src/common/npy_sort.h', 'build/src.linux-x86_64-2.7/numpy/core/src/common/npy_partition.h', 'build/src.linux-x86_64-2.7/numpy/core/src/common/npy_binsearch.h']
    building extension "numpy.core._dummy" sources
    Generating build/src.linux-x86_64-2.7/numpy/core/include/numpy/config.h
    C compiler: cc -pthread -DNDEBUG -O2 -fPIC
    
    compile options: '-Inumpy/core/src/common -Inumpy/core/src -Inumpy/core -Inumpy/core/src/npymath -Inumpy/core/src/multiarray -Inumpy/core/src/umath -Inumpy/core/src/npysort -I/home/vassy/code/pycorels/corels/.tox/pypy/include -c'
    cc: _configtest.c
    _configtest.c:1:10: fatal error: Python.h: No such file or directory
     #include <Python.h>
              ^~~~~~~~~~
    compilation terminated.
    failure.
    removing: _configtest.c _configtest.o
    Traceback (most recent call last):
      File "<module>", line 1, in <module>
      File "/tmp/pip-install-YTQhm3/numpy/setup.py", line 415, in <module>
        setup_package()
      File "/tmp/pip-install-YTQhm3/numpy/setup.py", line 407, in setup_package
        setup(**metadata)
      File "/tmp/pip-install-YTQhm3/numpy/numpy/distutils/core.py", line 171, in setup
        return old_setup(**new_attr)
      File "/home/vassy/code/pycorels/corels/.tox/pypy/site-packages/setuptools/__init__.py", line 145, in setup
        return distutils.core.setup(**attrs)
      File "/usr/lib/pypy/lib-python/2.7/distutils/core.py", line 151, in setup
        dist.run_commands()
      File "/usr/lib/pypy/lib-python/2.7/distutils/dist.py", line 953, in run_commands
        self.run_command(cmd)
      File "/usr/lib/pypy/lib-python/2.7/distutils/dist.py", line 972, in run_command
        cmd_obj.run()
      File "/tmp/pip-install-YTQhm3/numpy/numpy/distutils/command/install.py", line 62, in run
        r = self.setuptools_run()
      File "/tmp/pip-install-YTQhm3/numpy/numpy/distutils/command/install.py", line 36, in setuptools_run
        return distutils_install.run(self)
      File "/usr/lib/pypy/lib-python/2.7/distutils/command/install.py", line 613, in run
        self.run_command('build')
      File "/usr/lib/pypy/lib-python/2.7/distutils/cmd.py", line 334, in run_command
        self.distribution.run_command(command)
      File "/usr/lib/pypy/lib-python/2.7/distutils/dist.py", line 972, in run_command
        cmd_obj.run()
      File "/tmp/pip-install-YTQhm3/numpy/numpy/distutils/command/build.py", line 47, in run
        old_build.run(self)
      File "/usr/lib/pypy/lib-python/2.7/distutils/command/build.py", line 127, in run
        self.run_command(cmd_name)
      File "/usr/lib/pypy/lib-python/2.7/distutils/cmd.py", line 334, in run_command
        self.distribution.run_command(command)
      File "/usr/lib/pypy/lib-python/2.7/distutils/dist.py", line 972, in run_command
        cmd_obj.run()
      File "/tmp/pip-install-YTQhm3/numpy/numpy/distutils/command/build_src.py", line 148, in run
        self.build_sources()
      File "/tmp/pip-install-YTQhm3/numpy/numpy/distutils/command/build_src.py", line 165, in build_sources
        self.build_extension_sources(ext)
      File "/tmp/pip-install-YTQhm3/numpy/numpy/distutils/command/build_src.py", line 322, in build_extension_sources
        sources = self.generate_sources(sources, ext)
      File "/tmp/pip-install-YTQhm3/numpy/numpy/distutils/command/build_src.py", line 375, in generate_sources
        source = func(extension, build_dir)
      File "numpy/core/setup.py", line 423, in generate_config_h
        moredefs, ignored = cocache.check_types(config_cmd, ext, build_dir)
      File "numpy/core/setup.py", line 47, in check_types
        out = check_types(*a, **kw)
      File "numpy/core/setup.py", line 281, in check_types
        "install {0}-dev|{0}-devel.".format(python))
    SystemError: Cannot compile 'Python.h'. Perhaps you need to install pypy-dev|pypy-devel.
    ----------------------------------------
ERROR: Command "/home/vassy/code/pycorels/corels/.tox/pypy/bin/python -u -c 'import setuptools, tokenize;__file__='"'"'/tmp/pip-install-YTQhm3/numpy/setup.py'"'"';f=getattr(tokenize, '"'"'open'"'"', open)(__file__);code=f.read().replace('"'"'\r\n'"'"', '"'"'\n'"'"');f.close();exec(compile(code, __file__, '"'"'exec'"'"'))' install --record /tmp/pip-record-amoPBV/install-record.txt --single-version-externally-managed --compile --install-headers /home/vassy/code/pycorels/corels/.tox/pypy/include/site/python2.7/numpy" failed with error code 1 in /tmp/pip-install-YTQhm3/numpy/
